=== RUN   TestMemorySavings_LowScale
    memory_savings_test.go:98: Scenario: 10 Endpoints, 30 Rules each
    memory_savings_test.go:99: Legacy Mode (Estimated Cost): 300 entries
    memory_savings_test.go:100: Shared Mode (Actual Cost):    40 entries (30 shared + 10 overlays)
--- PASS: TestMemorySavings_LowScale (0.13s)
=== RUN   TestPolicySharedMapMetrics
    metrics_test.go:105: 
        	Error Trace:	/usr/local/google/home/tsotne/repos/cilium/pkg/maps/policymap/metrics_test.go:105
        	Error:      	Not equal: 
        	            	expected: 1
        	            	actual  : 0
        	Test:       	TestPolicySharedMapMetrics
        	Messages:   	Spillover metric should have increased by 1
--- FAIL: TestPolicySharedMapMetrics (0.14s)
=== RUN   TestPrivilegedPolicyMapDumpToSlice
    policymap_privileged_test.go:33: Set PRIVILEGED_TESTS to run this test
--- SKIP: TestPrivilegedPolicyMapDumpToSlice (0.00s)
=== RUN   TestPrivilegedDeleteNonexistentKey
    policymap_privileged_test.go:33: Set PRIVILEGED_TESTS to run this test
--- SKIP: TestPrivilegedDeleteNonexistentKey (0.00s)
=== RUN   TestPrivilegedDenyPolicyMapDumpToSlice
    policymap_privileged_test.go:33: Set PRIVILEGED_TESTS to run this test
--- SKIP: TestPrivilegedDenyPolicyMapDumpToSlice (0.00s)
=== RUN   TestPolicyEntriesDump_Less
--- PASS: TestPolicyEntriesDump_Less (0.00s)
=== RUN   TestPolicyMapWildcarding
--- PASS: TestPolicyMapWildcarding (0.00s)
=== RUN   TestPortProtoString
--- PASS: TestPortProtoString (0.00s)
=== RUN   TestNewEntryFromPolicyEntry
=== RUN   TestNewEntryFromPolicyEntry/case-0
=== RUN   TestNewEntryFromPolicyEntry/case-1
=== RUN   TestNewEntryFromPolicyEntry/case-2
=== RUN   TestNewEntryFromPolicyEntry/case-3
--- PASS: TestNewEntryFromPolicyEntry (0.00s)
    --- PASS: TestNewEntryFromPolicyEntry/case-0 (0.00s)
    --- PASS: TestNewEntryFromPolicyEntry/case-1 (0.00s)
    --- PASS: TestNewEntryFromPolicyEntry/case-2 (0.00s)
    --- PASS: TestNewEntryFromPolicyEntry/case-3 (0.00s)
=== RUN   TestRuleSetAllocator_Hash
--- PASS: TestRuleSetAllocator_Hash (0.00s)
=== RUN   TestRuleSetAllocator_Allocation
--- PASS: TestRuleSetAllocator_Allocation (0.00s)
=== RUN   TestRuleSetAllocator_Release
--- PASS: TestRuleSetAllocator_Release (0.00s)
=== RUN   TestRuleSetAllocator_ReleaseByID
--- PASS: TestRuleSetAllocator_ReleaseByID (0.00s)
=== RUN   TestSyncEndpointOverlay_Deduplication
--- PASS: TestSyncEndpointOverlay_Deduplication (0.00s)
=== RUN   TestSyncEndpointOverlayStoresOverrides
    sharedmanager_test.go:70: 
        	Error Trace:	/usr/local/google/home/tsotne/repos/cilium/pkg/maps/policymap/sharedmanager_test.go:70
        	Error:      	Should be true
        	Test:       	TestSyncEndpointOverlayStoresOverrides
--- FAIL: TestSyncEndpointOverlayStoresOverrides (0.00s)
=== RUN   TestSharedManager_WideCIDRDedup
    sharedmanager_wide_cidr_test.go:100: Verified Wide CIDR Dedup: 10 Endpoints mapping to RuleSetID 39 with RefCount 10
--- PASS: TestSharedManager_WideCIDRDedup (0.00s)
=== RUN   TestOverlayClamp
--- PASS: TestOverlayClamp (0.00s)
=== RUN   TestSharedStoreLifecycle
--- PASS: TestSharedStoreLifecycle (0.00s)
=== RUN   TestSharedStoreGarbageCollectsStale
--- PASS: TestSharedStoreGarbageCollectsStale (0.00s)
=== RUN   TestSharedPolicyPrefixBits
--- PASS: TestSharedPolicyPrefixBits (0.00s)
=== RUN   TestInitSharedPolicyMapsDisabled
--- PASS: TestInitSharedPolicyMapsDisabled (0.00s)
=== RUN   TestPrivilegedStatMap
    policymap_privileged_test.go:33: Set PRIVILEGED_TESTS to run this test
--- SKIP: TestPrivilegedStatMap (0.00s)
=== RUN   TestUniversalDedup_PartialOverlap
SUCCESS: Stored 3 unique rules for 4 requests. Saved 1 rule slot.
--- PASS: TestUniversalDedup_PartialOverlap (0.00s)
FAIL
FAIL	github.com/cilium/cilium/pkg/maps/policymap	0.605s
FAIL
